2024-02-29T19:33:21: info: Connected to email server
2024-02-29T19:33:21: info: Connected to Postgresql database
2024-02-29T19:33:21: info: Connected to Postgresql database
2024-02-29T19:33:21: info: Connected to Postgresql database
2024-02-29T19:33:21: info: Connected to Postgresql database
2024-02-29T19:33:21: info: Connected to Postgresql database
2024-02-29T19:33:21: info: Server running on port 5000
2024-02-29T19:33:21: info: Server running on port 5000
2024-02-29T19:33:21: info: Server running on port 5000
2024-02-29T19:33:21: info: Server running on port 5000
2024-02-29T19:33:21: info: Server running on port 5000
2024-02-29T19:33:21: info: Connected to email server
2024-02-29T19:33:21: info: Connected to email server
2024-02-29T19:33:21: info: Connected to email server
2024-02-29T19:33:21: info: Connected to email server
2024-02-29T19:33:21: info: Connected to email server
2024-02-29T19:33:21: info: Connected to email server
2024-02-29T19:33:21: info: Connected to Postgresql database
2024-02-29T19:33:21: info: Server running on port 5000
2024-02-29T19:33:21: info: Connected to Postgresql database
2024-02-29T19:33:21: info: Connected to Postgresql database
2024-02-29T19:33:21: info: Connected to Postgresql database
2024-02-29T19:33:21: info: Server running on port 5000
2024-02-29T19:33:21: info: Server running on port 5000
2024-02-29T19:33:21: info: Connected to Postgresql database
2024-02-29T19:33:21: info: Server running on port 5000
2024-02-29T19:33:21: info: Server running on port 5000
2024-02-29T19:33:21: info: Connected to email server
2024-02-29T19:33:22: info: Connected to email server
2024-02-29T19:33:22: info: Connected to email server
2024-02-29T19:33:22: info: Connected to email server
2024-02-29T19:33:22: info: Connected to email server
2024-02-29T19:33:22: info: Connected to Postgresql database
2024-02-29T19:33:22: info: Server running on port 5000
2024-02-29T19:33:22: info: Connected to Postgresql database
2024-02-29T19:33:22: info: Server running on port 5000
2024-02-29T19:36:21: info: Connected to Postgresql database
2024-02-29T19:36:21: info: Server running on port 5000
2024-02-29T19:36:21: info: Connected to Postgresql database
2024-02-29T19:36:21: info: Server running on port 5000
2024-02-29T19:36:21: info: Connected to Postgresql database
2024-02-29T19:36:21: info: Connected to Postgresql database
2024-02-29T19:36:21: info: Connected to Postgresql database
2024-02-29T19:36:21: info: Server running on port 5000
2024-02-29T19:36:21: info: Connected to Postgresql database
2024-02-29T19:36:21: info: Connected to Postgresql database
2024-02-29T19:36:21: info: Server running on port 5000
2024-02-29T19:36:21: info: Server running on port 5000
2024-02-29T19:36:21: info: Connected to Postgresql database
2024-02-29T19:36:21: info: Connected to Postgresql database
2024-02-29T19:36:21: info: Server running on port 5000
2024-02-29T19:36:21: info: Server running on port 5000
2024-02-29T19:36:21: info: Server running on port 5000
2024-02-29T19:36:21: info: Server running on port 5000
2024-02-29T19:36:21: info: Connected to Postgresql database
2024-02-29T19:36:21: info: Connected to Postgresql database
2024-02-29T19:36:21: info: Server running on port 5000
2024-02-29T19:36:21: info: Server running on port 5000
2024-02-29T19:36:21: info: Connected to Postgresql database
2024-02-29T19:36:21: info: Server running on port 5000
2024-02-29T19:36:22: info: Connected to email server
2024-02-29T19:36:22: info: Connected to email server
2024-02-29T19:36:22: info: Connected to email server
2024-02-29T19:36:22: info: Connected to email server
2024-02-29T19:36:22: info: Connected to email server
2024-02-29T19:36:22: info: Connected to email server
2024-02-29T19:36:22: info: Connected to email server
2024-02-29T19:36:22: info: Connected to email server
2024-02-29T19:36:22: info: Connected to email server
2024-02-29T19:36:22: info: Connected to email server
2024-02-29T19:36:22: info: Connected to email server
2024-02-29T19:36:22: info: Connected to email server
2024-03-01T06:49:37: info: Connected to Postgresql database
2024-03-01T06:49:37: info: Server running on port 5000
2024-03-01T06:49:37: info: Connected to Postgresql database
2024-03-01T06:49:37: info: Connected to Postgresql database
2024-03-01T06:49:37: info: Connected to Postgresql database
2024-03-01T06:49:37: info: Connected to Postgresql database
2024-03-01T06:49:37: info: Connected to Postgresql database
2024-03-01T06:49:37: info: Connected to Postgresql database
2024-03-01T06:49:37: info: Connected to Postgresql database
2024-03-01T06:49:37: info: Server running on port 5000
2024-03-01T06:49:37: info: Server running on port 5000
2024-03-01T06:49:37: info: Server running on port 5000
2024-03-01T06:49:37: info: Server running on port 5000
2024-03-01T06:49:37: info: Server running on port 5000
2024-03-01T06:49:37: info: Server running on port 5000
2024-03-01T06:49:37: info: Server running on port 5000
2024-03-01T06:49:37: info: Connected to email server
2024-03-01T06:49:37: info: Connected to email server
2024-03-01T06:49:38: info: Connected to email server
2024-03-01T06:49:38: info: Connected to email server
2024-03-01T06:49:38: info: Connected to email server
2024-03-01T06:49:38: info: Connected to email server
2024-03-01T06:49:38: info: Connected to email server
2024-03-01T06:49:38: info: Connected to email server
2024-03-01T06:49:41: info: Connected to Postgresql database
2024-03-01T06:49:41: info: Connected to Postgresql database
2024-03-01T06:49:41: info: Server running on port 5000
2024-03-01T06:49:41: info: Server running on port 5000
2024-03-01T06:49:41: info: Connected to Postgresql database
2024-03-01T06:49:41: info: Server running on port 5000
2024-03-01T06:49:44: info: Connected to email server
2024-03-01T06:49:45: info: Connected to email server
2024-03-01T06:49:45: info: Connected to email server
2024-03-01T06:49:45: info: Connected to Postgresql database
2024-03-01T06:49:45: info: Server running on port 5000
2024-03-01T06:49:46: info: Connected to email server
2024-03-01T06:50:35: info: Connected to Postgresql database
2024-03-01T06:50:35: info: Server running on port 5000
2024-03-01T06:50:36: info: Connected to Postgresql database
2024-03-01T06:50:36: info: Server running on port 5000
2024-03-01T06:50:36: info: Connected to Postgresql database
2024-03-01T06:50:36: info: Connected to Postgresql database
2024-03-01T06:50:36: info: Server running on port 5000
2024-03-01T06:50:36: info: Server running on port 5000
2024-03-01T06:50:36: info: Connected to Postgresql database
2024-03-01T06:50:36: info: Connected to Postgresql database
2024-03-01T06:50:36: info: Connected to Postgresql database
2024-03-01T06:50:36: info: Connected to Postgresql database
2024-03-01T06:50:36: info: Connected to Postgresql database
2024-03-01T06:50:36: info: Server running on port 5000
2024-03-01T06:50:36: info: Server running on port 5000
2024-03-01T06:50:36: info: Server running on port 5000
2024-03-01T06:50:36: info: Server running on port 5000
2024-03-01T06:50:36: info: Server running on port 5000
2024-03-01T06:50:36: info: Connected to Postgresql database
2024-03-01T06:50:36: info: Server running on port 5000
2024-03-01T06:50:36: info: Connected to Postgresql database
2024-03-01T06:50:36: info: Connected to Postgresql database
2024-03-01T06:50:36: info: Server running on port 5000
2024-03-01T06:50:36: info: Server running on port 5000
2024-03-01T06:50:36: info: Connected to email server
2024-03-01T06:50:36: info: Connected to email server
2024-03-01T06:50:36: info: Connected to email server
2024-03-01T06:50:36: info: Connected to email server
2024-03-01T06:50:36: info: Connected to email server
2024-03-01T06:50:36: info: Connected to email server
2024-03-01T06:50:36: info: Connected to email server
2024-03-01T06:50:36: info: Connected to email server
2024-03-01T06:50:37: info: Connected to email server
2024-03-01T06:50:37: info: Connected to email server
2024-03-01T06:50:37: info: Connected to email server
2024-03-01T06:50:37: info: Connected to email server
2024-03-01T09:38:32: info: Connected to Postgresql database
2024-03-01T09:38:32: info: Connected to Postgresql database
2024-03-01T09:38:32: info: Connected to Postgresql database
2024-03-01T09:38:32: info: Connected to Postgresql database
2024-03-01T09:38:32: info: Connected to Postgresql database
2024-03-01T09:38:32: info: Server running on port 5000
2024-03-01T09:38:32: info: Server running on port 5000
2024-03-01T09:38:32: info: Server running on port 5000
2024-03-01T09:38:32: info: Server running on port 5000
2024-03-01T09:38:32: info: Server running on port 5000
2024-03-01T09:38:32: info: Connected to Postgresql database
2024-03-01T09:38:32: info: Connected to Postgresql database
2024-03-01T09:38:32: info: Server running on port 5000
2024-03-01T09:38:32: info: Server running on port 5000
2024-03-01T09:38:32: info: Connected to Postgresql database
2024-03-01T09:38:32: info: Connected to Postgresql database
2024-03-01T09:38:32: info: Connected to Postgresql database
2024-03-01T09:38:32: info: Connected to Postgresql database
2024-03-01T09:38:32: info: Server running on port 5000
2024-03-01T09:38:32: info: Connected to Postgresql database
2024-03-01T09:38:32: info: Server running on port 5000
2024-03-01T09:38:32: info: Server running on port 5000
2024-03-01T09:38:32: info: Server running on port 5000
2024-03-01T09:38:32: info: Server running on port 5000
2024-03-01T09:38:33: info: Connected to email server
2024-03-01T09:38:33: info: Connected to email server
2024-03-01T09:38:33: info: Connected to email server
2024-03-01T09:38:33: info: Connected to email server
2024-03-01T09:38:33: info: Connected to email server
2024-03-01T09:38:33: info: Connected to email server
2024-03-01T09:38:33: info: Connected to email server
2024-03-01T09:38:33: info: Connected to email server
2024-03-01T09:38:33: info: Connected to email server
2024-03-01T09:38:33: info: Connected to email server
2024-03-01T09:38:33: info: Connected to email server
2024-03-01T09:38:33: info: Connected to email server
2024-03-01T09:40:46: [32minfo[39m: Connected to Postgresql database
2024-03-01T09:40:46: [32minfo[39m: Server running on port 5000
2024-03-01T09:40:46: [32minfo[39m: Connected to Postgresql database
2024-03-01T09:40:46: [32minfo[39m: Server running on port 5000
2024-03-01T09:40:46: [32minfo[39m: Connected to Postgresql database
2024-03-01T09:40:46: [32minfo[39m: Connected to Postgresql database
2024-03-01T09:40:46: [32minfo[39m: Connected to Postgresql database
2024-03-01T09:40:46: [32minfo[39m: Connected to Postgresql database
2024-03-01T09:40:46: [32minfo[39m: Server running on port 5000
2024-03-01T09:40:46: [32minfo[39m: Server running on port 5000
2024-03-01T09:40:46: [32minfo[39m: Server running on port 5000
2024-03-01T09:40:46: [32minfo[39m: Server running on port 5000
2024-03-01T09:40:46: [32minfo[39m: Connected to Postgresql database
2024-03-01T09:40:46: [32minfo[39m: Server running on port 5000
2024-03-01T09:40:46: [32minfo[39m: Connected to Postgresql database
2024-03-01T09:40:46: [32minfo[39m: Server running on port 5000
2024-03-01T09:40:46: [32minfo[39m: Connected to Postgresql database
2024-03-01T09:40:46: [32minfo[39m: Server running on port 5000
2024-03-01T09:40:46: [32minfo[39m: Connected to Postgresql database
2024-03-01T09:40:46: [32minfo[39m: Server running on port 5000
2024-03-01T09:40:47: [32minfo[39m: Connected to Postgresql database
2024-03-01T09:40:47: [32minfo[39m: Server running on port 5000
2024-03-01T09:40:47: [32minfo[39m: Connected to Postgresql database
2024-03-01T09:40:47: [32minfo[39m: Server running on port 5000
2024-03-01T09:40:47: [32minfo[39m: Connected to Postgresql database
2024-03-01T09:40:47: [32minfo[39m: Connected to Postgresql database
2024-03-01T09:40:48: [32minfo[39m: Server running on port 5000
2024-03-01T09:40:48: [32minfo[39m: Server running on port 5000
2024-03-01T09:40:48: [32minfo[39m: Connected to Postgresql database
2024-03-01T09:40:48: [32minfo[39m: Server running on port 5000
2024-03-01T09:40:48: [32minfo[39m: Connected to Postgresql database
2024-03-01T09:40:48: [32minfo[39m: Server running on port 5000
2024-03-01T09:40:48: [32minfo[39m: Connected to Postgresql database
2024-03-01T09:40:48: [32minfo[39m: Connected to Postgresql database
2024-03-01T09:40:48: [32minfo[39m: Server running on port 5000
2024-03-01T09:40:48: [32minfo[39m: Server running on port 5000
2024-03-01T09:40:49: [32minfo[39m: Connected to Postgresql database
2024-03-01T09:40:49: [32minfo[39m: Server running on port 5000
2024-03-01T09:40:49: [32minfo[39m: Connected to Postgresql database
2024-03-01T09:40:49: [32minfo[39m: Server running on port 5000
2024-03-01T09:40:49: [32minfo[39m: Connected to Postgresql database
2024-03-01T09:40:49: [32minfo[39m: Connected to Postgresql database
2024-03-01T09:40:49: [32minfo[39m: Connected to Postgresql database
2024-03-01T09:40:49: [32minfo[39m: Server running on port 5000
2024-03-01T09:40:49: [32minfo[39m: Server running on port 5000
2024-03-01T09:40:49: [32minfo[39m: Server running on port 5000
2024-03-01T09:40:50: [32minfo[39m: Connected to Postgresql database
2024-03-01T09:40:50: [32minfo[39m: Connected to Postgresql database
2024-03-01T09:40:50: [32minfo[39m: Server running on port 5000
2024-03-01T09:40:50: [32minfo[39m: Server running on port 5000
2024-03-01T09:40:50: [32minfo[39m: Connected to Postgresql database
2024-03-01T09:40:50: [32minfo[39m: Server running on port 5000
2024-03-01T09:40:50: [32minfo[39m: Connected to Postgresql database
2024-03-01T09:40:50: [32minfo[39m: Server running on port 5000
2024-03-01T09:40:51: [32minfo[39m: Connected to Postgresql database
2024-03-01T09:40:51: [32minfo[39m: Connected to Postgresql database
2024-03-01T09:40:51: [32minfo[39m: Server running on port 5000
2024-03-01T09:40:51: [32minfo[39m: Server running on port 5000
2024-03-01T09:40:51: [32minfo[39m: Connected to Postgresql database
2024-03-01T09:40:51: [32minfo[39m: Server running on port 5000
2024-03-01T09:40:52: [32minfo[39m: Connected to Postgresql database
2024-03-01T09:40:52: [32minfo[39m: Connected to Postgresql database
2024-03-01T09:40:53: [32minfo[39m: Connected to Postgresql database
2024-03-01T09:40:53: [32minfo[39m: Connected to Postgresql database
2024-03-01T09:40:53: [32minfo[39m: Server running on port 5000
2024-03-01T09:40:53: [32minfo[39m: Server running on port 5000
2024-03-01T09:40:53: [32minfo[39m: Connected to Postgresql database
2024-03-01T09:40:53: [32minfo[39m: Server running on port 5000
2024-03-01T09:40:53: [32minfo[39m: Connected to Postgresql database
2024-03-01T09:40:53: [32minfo[39m: Server running on port 5000
2024-03-01T09:40:53: [32minfo[39m: Connected to Postgresql database
2024-03-01T09:40:53: [32minfo[39m: Server running on port 5000
2024-03-01T09:40:53: [32minfo[39m: Connected to Postgresql database
2024-03-01T09:40:53: [32minfo[39m: Server running on port 5000
2024-03-01T09:40:55: [32minfo[39m: Connected to Postgresql database
2024-03-01T09:40:55: [32minfo[39m: Server running on port 5000
2024-03-01T09:40:55: [32minfo[39m: Connected to Postgresql database
2024-03-01T09:40:55: [32minfo[39m: Connected to Postgresql database
2024-03-01T09:40:55: [32minfo[39m: Connected to Postgresql database
2024-03-01T09:40:55: [32minfo[39m: Server running on port 5000
2024-03-01T09:40:55: [32minfo[39m: Server running on port 5000
2024-03-01T09:40:55: [32minfo[39m: Connected to Postgresql database
2024-03-01T09:40:55: [32minfo[39m: Connected to Postgresql database
2024-03-01T09:40:55: [32minfo[39m: Server running on port 5000
2024-03-01T09:40:55: [32minfo[39m: Server running on port 5000
2024-03-01T09:40:55: [32minfo[39m: Connected to Postgresql database
2024-03-01T09:40:55: [32minfo[39m: Server running on port 5000
2024-03-01T09:40:55: [32minfo[39m: Connected to Postgresql database
2024-03-01T09:40:55: [32minfo[39m: Connected to Postgresql database
2024-03-01T09:40:55: [32minfo[39m: Connected to Postgresql database
2024-03-01T09:40:55: [32minfo[39m: Connected to Postgresql database
2024-03-01T09:40:55: [32minfo[39m: Server running on port 5000
2024-03-01T09:40:55: [32minfo[39m: Server running on port 5000
2024-03-01T09:40:55: [32minfo[39m: Server running on port 5000
2024-03-01T09:40:55: [32minfo[39m: Server running on port 5000
2024-03-01T09:40:56: [32minfo[39m: Connected to Postgresql database
2024-03-01T09:40:56: [32minfo[39m: Server running on port 5000
2024-03-01T09:40:57: [32minfo[39m: Connected to Postgresql database
2024-03-01T09:40:57: [32minfo[39m: Server running on port 5000
2024-03-01T09:40:58: [32minfo[39m: Connected to Postgresql database
2024-03-01T09:40:58: [32minfo[39m: Server running on port 5000
2024-03-01T09:40:58: [32minfo[39m: Connected to Postgresql database
2024-03-01T09:40:58: [32minfo[39m: Server running on port 5000
2024-03-01T09:40:59: [32minfo[39m: Connected to Postgresql database
2024-03-01T09:40:59: [32minfo[39m: Connected to Postgresql database
2024-03-01T09:40:59: [32minfo[39m: Server running on port 5000
2024-03-01T09:40:59: [32minfo[39m: Server running on port 5000
2024-03-01T09:40:59: [32minfo[39m: Connected to Postgresql database
2024-03-01T09:40:59: [32minfo[39m: Connected to Postgresql database
2024-03-01T09:40:59: [32minfo[39m: Connected to Postgresql database
2024-03-01T09:40:59: [32minfo[39m: Server running on port 5000
2024-03-01T09:40:59: [32minfo[39m: Server running on port 5000
2024-03-01T09:40:59: [32minfo[39m: Connected to Postgresql database
2024-03-01T09:40:59: [32minfo[39m: Server running on port 5000
2024-03-01T09:40:59: [32minfo[39m: Server running on port 5000
2024-03-01T09:41:00: [32minfo[39m: Connected to Postgresql database
2024-03-01T09:41:00: [32minfo[39m: Server running on port 5000
2024-03-01T09:41:01: [32minfo[39m: Connected to Postgresql database
2024-03-01T09:41:01: [32minfo[39m: Server running on port 5000
2024-03-01T09:41:01: [32minfo[39m: Connected to Postgresql database
2024-03-01T09:41:01: [32minfo[39m: Connected to Postgresql database
2024-03-01T09:41:01: [32minfo[39m: Server running on port 5000
2024-03-01T09:41:01: [32minfo[39m: Server running on port 5000
2024-03-01T09:41:01: [32minfo[39m: Connected to Postgresql database
2024-03-01T09:41:01: [32minfo[39m: Server running on port 5000
2024-03-01T09:41:01: [32minfo[39m: Connected to Postgresql database
2024-03-01T09:41:01: [32minfo[39m: Connected to Postgresql database
2024-03-01T09:41:01: [32minfo[39m: Server running on port 5000
2024-03-01T09:41:01: [32minfo[39m: Server running on port 5000
2024-03-01T09:41:01: [32minfo[39m: Connected to Postgresql database
2024-03-01T09:41:01: [32minfo[39m: Server running on port 5000
2024-03-01T09:41:01: [32minfo[39m: Connected to Postgresql database
2024-03-01T09:41:01: [32minfo[39m: Server running on port 5000
2024-03-01T09:41:02: [32minfo[39m: Connected to Postgresql database
2024-03-01T09:41:02: [32minfo[39m: Connected to Postgresql database
2024-03-01T09:41:02: [32minfo[39m: Server running on port 5000
2024-03-01T09:41:02: [32minfo[39m: Server running on port 5000
2024-03-01T09:41:02: [32minfo[39m: Connected to Postgresql database
2024-03-01T09:41:02: [32minfo[39m: Server running on port 5000
2024-03-01T09:41:02: [32minfo[39m: Connected to Postgresql database
2024-03-01T09:41:02: [32minfo[39m: Connected to Postgresql database
2024-03-01T09:41:02: [32minfo[39m: Server running on port 5000
2024-03-01T09:41:02: [32minfo[39m: Server running on port 5000
2024-03-01T09:41:03: [32minfo[39m: Connected to Postgresql database
2024-03-01T09:41:03: [32minfo[39m: Connected to Postgresql database
2024-03-01T09:41:03: [32minfo[39m: Server running on port 5000
2024-03-01T09:41:03: [32minfo[39m: Connected to Postgresql database
2024-03-01T09:41:03: [32minfo[39m: Server running on port 5000
2024-03-01T09:41:03: [32minfo[39m: Server running on port 5000
2024-03-01T09:41:03: [32minfo[39m: Connected to Postgresql database
2024-03-01T09:41:03: [32minfo[39m: Server running on port 5000
2024-03-01T09:41:04: [32minfo[39m: Connected to Postgresql database
2024-03-01T09:41:04: [32minfo[39m: Server running on port 5000
2024-03-01T09:41:04: [32minfo[39m: Connected to Postgresql database
2024-03-01T09:41:04: [32minfo[39m: Connected to Postgresql database
2024-03-01T09:41:04: [32minfo[39m: Server running on port 5000
2024-03-01T09:41:04: [32minfo[39m: Server running on port 5000
2024-03-01T09:41:04: [32minfo[39m: Connected to Postgresql database
2024-03-01T09:41:04: [32minfo[39m: Server running on port 5000
2024-03-01T09:41:04: [32minfo[39m: Connected to Postgresql database
2024-03-01T09:41:04: [32minfo[39m: Server running on port 5000
2024-03-01T09:41:04: [32minfo[39m: Connected to Postgresql database
2024-03-01T09:41:04: [32minfo[39m: Server running on port 5000
2024-03-01T09:41:04: [32minfo[39m: Connected to Postgresql database
2024-03-01T09:41:04: [32minfo[39m: Server running on port 5000
2024-03-01T09:41:06: [32minfo[39m: Connected to Postgresql database
2024-03-01T09:41:06: [32minfo[39m: Server running on port 5000
2024-03-01T09:41:06: [32minfo[39m: Connected to Postgresql database
2024-03-01T09:41:06: [32minfo[39m: Server running on port 5000
2024-03-01T09:41:06: [32minfo[39m: Connected to Postgresql database
2024-03-01T09:41:06: [32minfo[39m: Server running on port 5000
2024-03-01T09:41:06: [32minfo[39m: Connected to Postgresql database
2024-03-01T09:41:06: [32minfo[39m: Server running on port 5000
2024-03-01T09:41:06: [32minfo[39m: Connected to Postgresql database
2024-03-01T09:41:06: [32minfo[39m: Connected to Postgresql database
2024-03-01T09:41:06: [32minfo[39m: Server running on port 5000
2024-03-01T09:41:06: [32minfo[39m: Server running on port 5000
2024-03-01T09:41:06: [32minfo[39m: Connected to Postgresql database
2024-03-01T09:41:06: [32minfo[39m: Server running on port 5000
2024-03-01T09:41:08: [32minfo[39m: Connected to Postgresql database
2024-03-01T09:41:08: [32minfo[39m: Server running on port 5000
2024-03-01T09:41:08: [32minfo[39m: Connected to Postgresql database
2024-03-01T09:41:08: [32minfo[39m: Connected to Postgresql database
2024-03-01T09:41:08: [32minfo[39m: Connected to Postgresql database
2024-03-01T09:41:08: [32minfo[39m: Server running on port 5000
2024-03-01T09:41:08: [32minfo[39m: Server running on port 5000
2024-03-01T09:41:08: [32minfo[39m: Connected to Postgresql database
2024-03-01T09:41:08: [32minfo[39m: Server running on port 5000
2024-03-01T09:41:08: [32minfo[39m: Connected to Postgresql database
2024-03-01T09:41:08: [32minfo[39m: Connected to Postgresql database
2024-03-01T09:41:08: [32minfo[39m: Server running on port 5000
2024-03-01T09:41:08: [32minfo[39m: Server running on port 5000
2024-03-01T09:41:08: [32minfo[39m: Connected to Postgresql database
2024-03-01T09:41:08: [32minfo[39m: Connected to Postgresql database
2024-03-01T09:41:08: [32minfo[39m: Server running on port 5000
2024-03-01T09:41:08: [32minfo[39m: Connected to Postgresql database
2024-03-01T09:41:08: [32minfo[39m: Server running on port 5000
2024-03-01T09:41:08: [32minfo[39m: Server running on port 5000
2024-03-01T09:41:08: [32minfo[39m: Connected to Postgresql database
2024-03-01T09:41:08: [32minfo[39m: Server running on port 5000
2024-03-01T09:41:10: [32minfo[39m: Connected to Postgresql database
2024-03-01T09:41:10: [32minfo[39m: Server running on port 5000
2024-03-01T09:41:10: [32minfo[39m: Connected to Postgresql database
2024-03-01T09:41:10: [32minfo[39m: Server running on port 5000
2024-03-01T09:41:10: [32minfo[39m: Connected to Postgresql database
2024-03-01T09:41:10: [32minfo[39m: Connected to Postgresql database
2024-03-01T09:41:10: [32minfo[39m: Connected to Postgresql database
2024-03-01T09:41:10: [32minfo[39m: Server running on port 5000
2024-03-01T09:41:10: [32minfo[39m: Server running on port 5000
2024-03-01T09:41:10: [32minfo[39m: Server running on port 5000
2024-03-01T09:41:10: [32minfo[39m: Connected to Postgresql database
2024-03-01T09:41:10: [32minfo[39m: Connected to Postgresql database
2024-03-01T09:41:10: [32minfo[39m: Server running on port 5000
2024-03-01T09:41:10: [32minfo[39m: Server running on port 5000
2024-03-01T09:41:12: [32minfo[39m: Connected to Postgresql database
2024-03-01T09:41:12: [32minfo[39m: Server running on port 5000
2024-03-01T09:41:12: [32minfo[39m: Connected to Postgresql database
2024-03-01T09:41:12: [32minfo[39m: Server running on port 5000
2024-03-01T09:41:12: [32minfo[39m: Connected to Postgresql database
2024-03-01T09:41:12: [32minfo[39m: Server running on port 5000
2024-03-01T09:41:12: [32minfo[39m: Connected to Postgresql database
2024-03-01T09:41:12: [32minfo[39m: Server running on port 5000
2024-03-01T09:41:12: [32minfo[39m: Connected to Postgresql database
2024-03-01T09:41:12: [32minfo[39m: Server running on port 5000
2024-03-01T09:41:12: [32minfo[39m: Connected to Postgresql database
2024-03-01T09:41:12: [32minfo[39m: Server running on port 5000
2024-03-01T09:41:14: [32minfo[39m: Connected to Postgresql database
2024-03-01T09:41:14: [32minfo[39m: Connected to Postgresql database
2024-03-01T09:41:14: [32minfo[39m: Server running on port 5000
2024-03-01T09:41:14: [32minfo[39m: Server running on port 5000
2024-03-01T09:41:14: [32minfo[39m: Connected to Postgresql database
2024-03-01T09:41:14: [32minfo[39m: Connected to Postgresql database
2024-03-01T09:41:14: [32minfo[39m: Connected to Postgresql database
2024-03-01T09:41:14: [32minfo[39m: Connected to Postgresql database
2024-03-01T09:41:14: [32minfo[39m: Connected to Postgresql database
2024-03-01T09:41:14: [32minfo[39m: Connected to Postgresql database
2024-03-01T09:41:14: [32minfo[39m: Connected to Postgresql database
2024-03-01T09:41:14: [32minfo[39m: Server running on port 5000
2024-03-01T09:41:14: [32minfo[39m: Server running on port 5000
2024-03-01T09:41:14: [32minfo[39m: Server running on port 5000
2024-03-01T09:41:14: [32minfo[39m: Server running on port 5000
2024-03-01T09:41:14: [32minfo[39m: Server running on port 5000
2024-03-01T09:41:14: [32minfo[39m: Server running on port 5000
2024-03-01T09:41:14: [32minfo[39m: Server running on port 5000
2024-03-01T09:41:14: [32minfo[39m: Connected to Postgresql database
2024-03-01T09:41:14: [32minfo[39m: Server running on port 5000
2024-03-01T09:41:15: [32minfo[39m: Connected to Postgresql database
2024-03-01T09:41:15: [32minfo[39m: Connected to Postgresql database
2024-03-01T09:41:15: [32minfo[39m: Server running on port 5000
2024-03-01T09:41:15: [32minfo[39m: Server running on port 5000
2024-03-01T09:41:15: [32minfo[39m: Connected to Postgresql database
2024-03-01T09:41:15: [32minfo[39m: Server running on port 5000
2024-03-01T09:41:15: [32minfo[39m: Connected to Postgresql database
2024-03-01T09:41:15: [32minfo[39m: Server running on port 5000
2024-03-01T09:41:15: [32minfo[39m: Connected to Postgresql database
2024-03-01T09:41:15: [32minfo[39m: Server running on port 5000
2024-03-01T09:41:15: [32minfo[39m: Connected to Postgresql database
2024-03-01T09:41:15: [32minfo[39m: Server running on port 5000
2024-03-01T09:41:15: [32minfo[39m: Connected to Postgresql database
2024-03-01T09:41:15: [32minfo[39m: Connected to Postgresql database
2024-03-01T09:41:15: [32minfo[39m: Server running on port 5000
2024-03-01T09:41:15: [32minfo[39m: Server running on port 5000
2024-03-01T09:41:15: [32minfo[39m: Connected to Postgresql database
2024-03-01T09:41:15: [32minfo[39m: Connected to Postgresql database
2024-03-01T09:41:15: [32minfo[39m: Server running on port 5000
2024-03-01T09:41:15: [32minfo[39m: Server running on port 5000
2024-03-01T09:41:16: [32minfo[39m: Connected to Postgresql database
2024-03-01T09:41:16: [32minfo[39m: Server running on port 5000
2024-03-01T09:41:17: [32minfo[39m: Connected to Postgresql database
2024-03-01T09:41:17: [32minfo[39m: Connected to Postgresql database
2024-03-01T09:41:17: [32minfo[39m: Server running on port 5000
2024-03-01T09:41:17: [32minfo[39m: Server running on port 5000
2024-03-01T09:41:17: [32minfo[39m: Connected to Postgresql database
2024-03-01T09:41:17: [32minfo[39m: Server running on port 5000
2024-03-01T09:41:17: [32minfo[39m: Connected to Postgresql database
2024-03-01T09:41:17: [32minfo[39m: Connected to Postgresql database
2024-03-01T09:41:17: [32minfo[39m: Server running on port 5000
2024-03-01T09:41:17: [32minfo[39m: Server running on port 5000
2024-03-01T09:41:17: [32minfo[39m: Connected to Postgresql database
2024-03-01T09:41:17: [32minfo[39m: Server running on port 5000
2024-03-01T09:41:17: [32minfo[39m: Connected to Postgresql database
2024-03-01T09:41:17: [32minfo[39m: Server running on port 5000
2024-03-01T09:41:17: [32minfo[39m: Connected to Postgresql database
2024-03-01T09:41:17: [32minfo[39m: Connected to Postgresql database
2024-03-01T09:41:17: [32minfo[39m: Server running on port 5000
2024-03-01T09:41:17: [32minfo[39m: Server running on port 5000
2024-03-01T09:41:17: [32minfo[39m: Connected to Postgresql database
2024-03-01T09:41:17: [32minfo[39m: Connected to Postgresql database
2024-03-01T09:41:17: [32minfo[39m: Server running on port 5000
2024-03-01T09:41:17: [32minfo[39m: Server running on port 5000
2024-03-01T09:41:18: [32minfo[39m: Connected to Postgresql database
2024-03-01T09:41:18: [32minfo[39m: Server running on port 5000
2024-03-01T09:41:20: [32minfo[39m: Connected to Postgresql database
2024-03-01T09:41:20: [32minfo[39m: Server running on port 5000
2024-03-01T09:41:21: [32minfo[39m: Connected to Postgresql database
2024-03-01T09:41:21: [32minfo[39m: Server running on port 5000
2024-03-01T09:41:22: [32minfo[39m: Connected to Postgresql database
2024-03-01T09:41:22: [32minfo[39m: Server running on port 5000
2024-03-01T09:41:22: [32minfo[39m: Connected to Postgresql database
2024-03-01T09:41:22: [32minfo[39m: Server running on port 5000
2024-03-01T09:41:22: [32minfo[39m: Connected to Postgresql database
2024-03-01T09:41:22: [32minfo[39m: Server running on port 5000
2024-03-01T09:41:23: [32minfo[39m: Connected to Postgresql database
2024-03-01T09:41:23: [32minfo[39m: Server running on port 5000
2024-03-01T09:41:23: [32minfo[39m: Connected to Postgresql database
2024-03-01T09:41:23: [32minfo[39m: Server running on port 5000
2024-03-01T09:41:23: [32minfo[39m: Connected to Postgresql database
2024-03-01T09:41:23: [32minfo[39m: Connected to Postgresql database
2024-03-01T09:41:23: [32minfo[39m: Connected to Postgresql database
2024-03-01T09:41:23: [32minfo[39m: Server running on port 5000
2024-03-01T09:41:23: [32minfo[39m: Server running on port 5000
2024-03-01T09:41:23: [32minfo[39m: Server running on port 5000
2024-03-01T09:41:23: [32minfo[39m: Connected to Postgresql database
2024-03-01T09:41:23: [32minfo[39m: Server running on port 5000
2024-03-01T09:41:23: [32minfo[39m: Connected to Postgresql database
2024-03-01T09:41:23: [32minfo[39m: Connected to Postgresql database
2024-03-01T09:41:23: [32minfo[39m: Server running on port 5000
2024-03-01T09:41:23: [32minfo[39m: Server running on port 5000
2024-03-01T09:41:25: [32minfo[39m: Connected to Postgresql database
2024-03-01T09:41:25: [32minfo[39m: Server running on port 5000
2024-03-01T09:41:25: [32minfo[39m: Connected to Postgresql database
2024-03-01T09:41:25: [32minfo[39m: Server running on port 5000
2024-03-01T09:41:26: [32minfo[39m: Connected to Postgresql database
2024-03-01T09:41:26: [32minfo[39m: Connected to Postgresql database
2024-03-01T09:41:26: [32minfo[39m: Server running on port 5000
2024-03-01T09:41:26: [32minfo[39m: Server running on port 5000
2024-03-01T09:41:26: [32minfo[39m: Connected to Postgresql database
2024-03-01T09:41:26: [32minfo[39m: Server running on port 5000
2024-03-01T09:41:26: [32minfo[39m: Connected to Postgresql database
2024-03-01T09:41:26: [32minfo[39m: Server running on port 5000
2024-03-01T09:41:27: [32minfo[39m: Connected to Postgresql database
2024-03-01T09:41:27: [32minfo[39m: Server running on port 5000
2024-03-01T09:41:27: [32minfo[39m: Connected to Postgresql database
2024-03-01T09:41:27: [32minfo[39m: Connected to Postgresql database
2024-03-01T09:41:27: [32minfo[39m: Server running on port 5000
2024-03-01T09:41:27: [32minfo[39m: Server running on port 5000
2024-03-01T09:41:28: [32minfo[39m: Connected to Postgresql database
2024-03-01T09:41:28: [32minfo[39m: Connected to Postgresql database
2024-03-01T09:41:28: [32minfo[39m: Server running on port 5000
2024-03-01T09:41:28: [32minfo[39m: Server running on port 5000
2024-03-01T09:41:28: [32minfo[39m: Connected to Postgresql database
2024-03-01T09:41:29: [32minfo[39m: Server running on port 5000
2024-03-01T09:41:29: [32minfo[39m: Connected to Postgresql database
2024-03-01T09:41:29: [32minfo[39m: Connected to Postgresql database
2024-03-01T09:41:29: [32minfo[39m: Connected to Postgresql database
2024-03-01T09:41:29: [32minfo[39m: Server running on port 5000
2024-03-01T09:41:29: [32minfo[39m: Server running on port 5000
2024-03-01T09:41:29: [32minfo[39m: Server running on port 5000
2024-03-01T09:41:30: [32minfo[39m: Connected to Postgresql database
2024-03-01T09:41:30: [32minfo[39m: Server running on port 5000
2024-03-01T09:41:32: [32minfo[39m: Connected to Postgresql database
2024-03-01T09:41:32: [32minfo[39m: Connected to Postgresql database
2024-03-01T09:41:32: [32minfo[39m: Server running on port 5000
2024-03-01T09:41:32: [32minfo[39m: Server running on port 5000
2024-03-01T09:41:32: [32minfo[39m: Connected to Postgresql database
2024-03-01T09:41:32: [32minfo[39m: Server running on port 5000
2024-03-01T09:41:34: [32minfo[39m: Connected to Postgresql database
2024-03-01T09:41:34: [32minfo[39m: Connected to Postgresql database
2024-03-01T09:41:34: [32minfo[39m: Connected to Postgresql database
2024-03-01T09:41:34: [32minfo[39m: Connected to Postgresql database
2024-03-01T09:41:34: [32minfo[39m: Server running on port 5000
2024-03-01T09:41:34: [32minfo[39m: Server running on port 5000
2024-03-01T09:41:34: [32minfo[39m: Server running on port 5000
2024-03-01T09:41:34: [32minfo[39m: Server running on port 5000
2024-03-01T09:41:34: [32minfo[39m: Connected to Postgresql database
2024-03-01T09:41:34: [32minfo[39m: Connected to Postgresql database
2024-03-01T09:41:34: [32minfo[39m: Connected to Postgresql database
2024-03-01T09:41:34: [32minfo[39m: Server running on port 5000
2024-03-01T09:41:34: [32minfo[39m: Server running on port 5000
2024-03-01T09:41:34: [32minfo[39m: Server running on port 5000
2024-03-01T09:41:34: [32minfo[39m: Connected to Postgresql database
2024-03-01T09:41:34: [32minfo[39m: Server running on port 5000
2024-03-01T09:41:34: [32minfo[39m: Connected to Postgresql database
2024-03-01T09:41:34: [32minfo[39m: Server running on port 5000
2024-03-01T09:41:34: [32minfo[39m: Connected to Postgresql database
2024-03-01T09:41:34: [32minfo[39m: Server running on port 5000
2024-03-01T09:41:36: [32minfo[39m: Connected to Postgresql database
2024-03-01T09:41:36: [32minfo[39m: Server running on port 5000
2024-03-01T09:41:36: [32minfo[39m: Connected to Postgresql database
2024-03-01T09:41:36: [32minfo[39m: Connected to Postgresql database
2024-03-01T09:41:36: [32minfo[39m: Connected to Postgresql database
2024-03-01T09:41:36: [32minfo[39m: Connected to Postgresql database
2024-03-01T09:41:36: [32minfo[39m: Server running on port 5000
2024-03-01T09:41:36: [32minfo[39m: Server running on port 5000
2024-03-01T09:41:36: [32minfo[39m: Server running on port 5000
2024-03-01T09:41:36: [32minfo[39m: Connected to Postgresql database
2024-03-01T09:41:36: [32minfo[39m: Connected to Postgresql database
2024-03-01T09:41:36: [32minfo[39m: Server running on port 5000
2024-03-01T09:41:36: [32minfo[39m: Server running on port 5000
2024-03-01T09:41:36: [32minfo[39m: Connected to Postgresql database
2024-03-01T09:41:36: [32minfo[39m: Connected to Postgresql database
2024-03-01T09:41:36: [32minfo[39m: Server running on port 5000
2024-03-01T09:41:36: [32minfo[39m: Server running on port 5000
2024-03-01T09:41:36: [32minfo[39m: Connected to Postgresql database
2024-03-01T09:41:36: [32minfo[39m: Connected to Postgresql database
2024-03-01T09:41:36: [32minfo[39m: Server running on port 5000
2024-03-01T09:41:36: [32minfo[39m: Server running on port 5000
2024-03-01T09:41:38: [32minfo[39m: Connected to Postgresql database
2024-03-01T09:41:38: [32minfo[39m: Server running on port 5000
2024-03-01T09:41:38: [32minfo[39m: Connected to Postgresql database
2024-03-01T09:41:38: [32minfo[39m: Connected to Postgresql database
2024-03-01T09:41:38: [32minfo[39m: Server running on port 5000
2024-03-01T09:41:38: [32minfo[39m: Server running on port 5000
2024-03-01T09:41:38: [32minfo[39m: Connected to Postgresql database
2024-03-01T09:41:38: [32minfo[39m: Server running on port 5000
2024-03-01T09:41:38: [32minfo[39m: Connected to Postgresql database
2024-03-01T09:41:38: [32minfo[39m: Connected to Postgresql database
2024-03-01T09:41:38: [32minfo[39m: Connected to Postgresql database
2024-03-01T09:41:38: [32minfo[39m: Server running on port 5000
2024-03-01T09:41:38: [32minfo[39m: Server running on port 5000
2024-03-01T09:41:38: [32minfo[39m: Server running on port 5000
2024-03-01T09:41:39: [32minfo[39m: Connected to Postgresql database
2024-03-01T09:41:39: [32minfo[39m: Server running on port 5000
2024-03-01T09:41:40: [32minfo[39m: Connected to Postgresql database
2024-03-01T09:41:40: [32minfo[39m: Connected to Postgresql database
2024-03-01T09:41:40: [32minfo[39m: Server running on port 5000
2024-03-01T09:41:40: [32minfo[39m: Server running on port 5000
2024-03-01T09:41:40: [32minfo[39m: Connected to Postgresql database
2024-03-01T09:41:40: [32minfo[39m: Connected to Postgresql database
2024-03-01T09:41:40: [32minfo[39m: Server running on port 5000
2024-03-01T09:41:40: [32minfo[39m: Server running on port 5000
2024-03-01T09:41:40: [32minfo[39m: Connected to Postgresql database
2024-03-01T09:41:40: [32minfo[39m: Server running on port 5000
2024-03-01T09:41:40: [32minfo[39m: Connected to Postgresql database
2024-03-01T09:41:40: [32minfo[39m: Connected to Postgresql database
2024-03-01T09:41:40: [32minfo[39m: Server running on port 5000
2024-03-01T09:41:40: [32minfo[39m: Server running on port 5000
2024-03-01T09:41:40: [32minfo[39m: Connected to Postgresql database
2024-03-01T09:41:40: [32minfo[39m: Server running on port 5000
2024-03-01T09:41:40: [32minfo[39m: Connected to Postgresql database
2024-03-01T09:41:40: [32minfo[39m: Server running on port 5000
2024-03-01T09:41:41: [32minfo[39m: Connected to Postgresql database
2024-03-01T09:41:41: [32minfo[39m: Server running on port 5000
2024-03-01T09:41:41: [32minfo[39m: Connected to Postgresql database
2024-03-01T09:41:41: [32minfo[39m: Server running on port 5000
2024-03-01T09:41:41: [32minfo[39m: Connected to Postgresql database
2024-03-01T09:41:41: [32minfo[39m: Server running on port 5000
2024-03-01T09:41:41: [32minfo[39m: Connected to Postgresql database
2024-03-01T09:41:41: [32minfo[39m: Connected to Postgresql database
2024-03-01T09:41:41: [32minfo[39m: Connected to Postgresql database
2024-03-01T09:41:41: [32minfo[39m: Server running on port 5000
2024-03-01T09:41:41: [32minfo[39m: Server running on port 5000
2024-03-01T09:41:41: [32minfo[39m: Server running on port 5000
2024-03-01T09:41:42: [32minfo[39m: Connected to Postgresql database
2024-03-01T09:41:42: [32minfo[39m: Server running on port 5000
2024-03-01T09:41:42: [32minfo[39m: Connected to Postgresql database
2024-03-01T09:41:42: [32minfo[39m: Server running on port 5000
2024-03-01T09:41:42: [32minfo[39m: Connected to Postgresql database
2024-03-01T09:41:42: [32minfo[39m: Server running on port 5000
2024-03-01T09:41:42: [32minfo[39m: Connected to Postgresql database
2024-03-01T09:41:42: [32minfo[39m: Server running on port 5000
2024-03-01T09:41:43: [32minfo[39m: Connected to Postgresql database
2024-03-01T09:41:43: [32minfo[39m: Connected to Postgresql database
2024-03-01T09:41:43: [32minfo[39m: Server running on port 5000
2024-03-01T09:41:43: [32minfo[39m: Server running on port 5000
2024-03-01T09:41:43: [32minfo[39m: Connected to Postgresql database
2024-03-01T09:41:43: [32minfo[39m: Connected to Postgresql database
2024-03-01T09:41:43: [32minfo[39m: Connected to Postgresql database
2024-03-01T09:41:43: [32minfo[39m: Server running on port 5000
2024-03-01T09:41:43: [32minfo[39m: Server running on port 5000
2024-03-01T09:41:43: [32minfo[39m: Server running on port 5000
2024-03-01T09:41:43: [32minfo[39m: Connected to Postgresql database
2024-03-01T09:41:43: [32minfo[39m: Server running on port 5000
2024-03-01T09:41:43: [32minfo[39m: Connected to Postgresql database
2024-03-01T09:41:43: [32minfo[39m: Server running on port 5000
2024-03-01T09:41:44: [32minfo[39m: Connected to Postgresql database
2024-03-01T09:41:44: [32minfo[39m: Server running on port 5000
2024-03-01T09:41:45: [32minfo[39m: Connected to Postgresql database
2024-03-01T09:41:45: [32minfo[39m: Server running on port 5000
2024-03-01T09:41:45: [32minfo[39m: Connected to Postgresql database
2024-03-01T09:41:45: [32minfo[39m: Server running on port 5000
2024-03-01T09:41:46: [32minfo[39m: Connected to Postgresql database
2024-03-01T09:41:46: [32minfo[39m: Server running on port 5000
2024-03-01T09:41:46: [32minfo[39m: Connected to Postgresql database
2024-03-01T09:41:46: [32minfo[39m: Server running on port 5000
2024-03-01T09:41:46: [32minfo[39m: Connected to Postgresql database
2024-03-01T09:41:46: [32minfo[39m: Server running on port 5000
2024-03-01T09:41:47: [32minfo[39m: Connected to Postgresql database
2024-03-01T09:41:47: [32minfo[39m: Connected to Postgresql database
2024-03-01T09:41:47: [32minfo[39m: Server running on port 5000
2024-03-01T09:41:48: [32minfo[39m: Connected to Postgresql database
2024-03-01T09:41:48: [32minfo[39m: Server running on port 5000
2024-03-01T09:41:48: [32minfo[39m: Connected to Postgresql database
2024-03-01T09:41:48: [32minfo[39m: Server running on port 5000
2024-03-01T09:41:48: [32minfo[39m: Connected to Postgresql database
2024-03-01T09:41:48: [32minfo[39m: Server running on port 5000
2024-03-01T09:41:48: [32minfo[39m: Connected to Postgresql database
2024-03-01T09:41:48: [32minfo[39m: Server running on port 5000
2024-03-01T09:41:48: [32minfo[39m: Connected to Postgresql database
2024-03-01T09:41:48: [32minfo[39m: Server running on port 5000
2024-03-01T09:41:48: [32minfo[39m: Connected to Postgresql database
2024-03-01T09:41:48: [32minfo[39m: Server running on port 5000
2024-03-01T09:41:50: [32minfo[39m: Connected to Postgresql database
2024-03-01T09:41:50: [32minfo[39m: Server running on port 5000
2024-03-01T09:41:50: [32minfo[39m: Connected to Postgresql database
2024-03-01T09:41:50: [32minfo[39m: Connected to Postgresql database
2024-03-01T09:41:50: [32minfo[39m: Server running on port 5000
2024-03-01T09:41:50: [32minfo[39m: Server running on port 5000
2024-03-01T09:41:50: [32minfo[39m: Connected to Postgresql database
2024-03-01T09:41:50: [32minfo[39m: Server running on port 5000
2024-03-01T09:41:50: [32minfo[39m: Connected to Postgresql database
2024-03-01T09:41:50: [32minfo[39m: Server running on port 5000
2024-03-01T09:41:50: [32minfo[39m: Connected to Postgresql database
2024-03-01T09:41:50: [32minfo[39m: Server running on port 5000
2024-03-01T09:41:50: [32minfo[39m: Connected to Postgresql database
2024-03-01T09:41:50: [32minfo[39m: Server running on port 5000
2024-03-01T09:41:50: [32minfo[39m: Connected to Postgresql database
2024-03-01T09:41:50: [32minfo[39m: Server running on port 5000
2024-03-01T09:41:52: [32minfo[39m: Connected to Postgresql database
2024-03-01T09:41:52: [32minfo[39m: Connected to Postgresql database
2024-03-01T09:41:52: [32minfo[39m: Connected to Postgresql database
2024-03-01T09:41:52: [32minfo[39m: Connected to Postgresql database
2024-03-01T09:41:52: [32minfo[39m: Connected to Postgresql database
2024-03-01T09:41:52: [32minfo[39m: Connected to Postgresql database
2024-03-01T09:41:52: [32minfo[39m: Server running on port 5000
2024-03-01T09:41:52: [32minfo[39m: Server running on port 5000
2024-03-01T09:41:52: [32minfo[39m: Server running on port 5000
2024-03-01T09:41:52: [32minfo[39m: Server running on port 5000
2024-03-01T09:41:52: [32minfo[39m: Connected to Postgresql database
2024-03-01T09:41:52: [32minfo[39m: Connected to Postgresql database
2024-03-01T09:41:52: [32minfo[39m: Server running on port 5000
2024-03-01T09:41:52: [32minfo[39m: Server running on port 5000
2024-03-01T09:41:52: [32minfo[39m: Server running on port 5000
2024-03-01T09:41:52: [32minfo[39m: Connected to Postgresql database
2024-03-01T09:41:52: [32minfo[39m: Connected to Postgresql database
2024-03-01T09:41:52: [32minfo[39m: Server running on port 5000
2024-03-01T09:41:52: [32minfo[39m: Server running on port 5000
2024-03-01T09:41:52: [32minfo[39m: Connected to Postgresql database
2024-03-01T09:41:52: [32minfo[39m: Server running on port 5000
2024-03-01T09:41:52: [32minfo[39m: Connected to Postgresql database
2024-03-01T09:41:52: [32minfo[39m: Server running on port 5000
2024-03-01T09:41:53: [32minfo[39m: Connected to email server
2024-03-01T09:41:53: [32minfo[39m: Connected to email server
2024-03-01T09:41:54: [32minfo[39m: Connected to Postgresql database
2024-03-01T09:41:54: [32minfo[39m: Server running on port 5000
2024-03-01T09:41:55: [32minfo[39m: Connected to Postgresql database
2024-03-01T09:41:55: [32minfo[39m: Server running on port 5000
2024-03-01T09:41:55: [32minfo[39m: Connected to Postgresql database
2024-03-01T09:41:55: [32minfo[39m: Server running on port 5000
2024-03-01T09:41:55: [32minfo[39m: Connected to Postgresql database
2024-03-01T09:41:55: [32minfo[39m: Server running on port 5000
2024-03-01T09:41:55: [32minfo[39m: Connected to Postgresql database
2024-03-01T09:41:55: [32minfo[39m: Connected to Postgresql database
2024-03-01T09:41:55: [32minfo[39m: Server running on port 5000
2024-03-01T09:41:55: [32minfo[39m: Server running on port 5000
2024-03-01T09:41:55: [32minfo[39m: Connected to Postgresql database
2024-03-01T09:41:55: [32minfo[39m: Connected to Postgresql database
2024-03-01T09:41:55: [32minfo[39m: Server running on port 5000
2024-03-01T09:41:55: [32minfo[39m: Server running on port 5000
2024-03-01T09:41:56: [32minfo[39m: Connected to Postgresql database
2024-03-01T09:41:56: [32minfo[39m: Server running on port 5000
2024-03-01T09:41:56: [32minfo[39m: Connected to Postgresql database
2024-03-01T09:41:56: [32minfo[39m: Server running on port 5000
2024-03-01T09:41:56: [32minfo[39m: Connected to Postgresql database
2024-03-01T09:41:56: [32minfo[39m: Connected to Postgresql database
2024-03-01T09:41:56: [32minfo[39m: Server running on port 5000
2024-03-01T09:41:56: [32minfo[39m: Connected to Postgresql database
2024-03-01T09:41:56: [32minfo[39m: Server running on port 5000
2024-03-01T09:41:56: [32minfo[39m: Server running on port 5000
2024-03-01T09:41:56: [32minfo[39m: Connected to Postgresql database
2024-03-01T09:41:56: [32minfo[39m: Connected to Postgresql database
2024-03-01T09:41:56: [32minfo[39m: Connected to Postgresql database
2024-03-01T09:41:56: [32minfo[39m: Server running on port 5000
2024-03-01T09:41:56: [32minfo[39m: Server running on port 5000
2024-03-01T09:41:56: [32minfo[39m: Server running on port 5000
2024-03-01T09:41:57: [32minfo[39m: Connected to Postgresql database
2024-03-01T09:41:57: [32minfo[39m: Server running on port 5000
2024-03-01T09:42:23: [32minfo[39m: Connected to Postgresql database
2024-03-01T09:42:23: [32minfo[39m: Server running on port 5000
2024-03-01T09:42:23: [32minfo[39m: Connected to Postgresql database
2024-03-01T09:42:23: [32minfo[39m: Server running on port 5000
2024-03-01T09:42:24: [32minfo[39m: Connected to Postgresql database
2024-03-01T09:42:24: [32minfo[39m: Server running on port 5000
2024-03-01T09:42:24: [32minfo[39m: Connected to Postgresql database
2024-03-01T09:42:24: [32minfo[39m: Server running on port 5000
2024-03-01T09:42:24: [32minfo[39m: Connected to Postgresql database
2024-03-01T09:42:24: [32minfo[39m: Connected to Postgresql database
2024-03-01T09:42:24: [32minfo[39m: Server running on port 5000
2024-03-01T09:42:24: [32minfo[39m: Server running on port 5000
2024-03-01T09:42:24: [32minfo[39m: Connected to Postgresql database
2024-03-01T09:42:24: [32minfo[39m: Connected to Postgresql database
2024-03-01T09:42:24: [32minfo[39m: Server running on port 5000
2024-03-01T09:42:24: [32minfo[39m: Server running on port 5000
2024-03-01T09:42:26: [32minfo[39m: Connected to Postgresql database
2024-03-01T09:42:26: [32minfo[39m: Server running on port 5000
2024-03-01T09:42:26: [32minfo[39m: Connected to Postgresql database
2024-03-01T09:42:26: [32minfo[39m: Server running on port 5000
2024-03-01T09:42:26: [32minfo[39m: Connected to Postgresql database
2024-03-01T09:42:26: [32minfo[39m: Connected to Postgresql database
2024-03-01T09:42:26: [32minfo[39m: Server running on port 5000
2024-03-01T09:42:26: [32minfo[39m: Server running on port 5000
2024-03-01T09:42:26: [32minfo[39m: Connected to Postgresql database
2024-03-01T09:42:26: [32minfo[39m: Connected to Postgresql database
2024-03-01T09:42:26: [32minfo[39m: Connected to Postgresql database
2024-03-01T09:42:26: [32minfo[39m: Server running on port 5000
2024-03-01T09:42:26: [32minfo[39m: Server running on port 5000
2024-03-01T09:42:26: [32minfo[39m: Server running on port 5000
2024-03-01T09:42:26: [32minfo[39m: Connected to Postgresql database
2024-03-01T09:42:26: [32minfo[39m: Server running on port 5000
2024-03-01T09:42:26: [32minfo[39m: Connected to Postgresql database
2024-03-01T09:42:26: [32minfo[39m: Connected to Postgresql database
2024-03-01T09:42:26: [32minfo[39m: Server running on port 5000
2024-03-01T09:42:26: [32minfo[39m: Server running on port 5000
2024-03-01T09:42:27: [32minfo[39m: Connected to email server
2024-03-01T09:42:28: [32minfo[39m: Connected to Postgresql database
2024-03-01T09:42:28: [32minfo[39m: Server running on port 5000
2024-03-01T09:42:29: [32minfo[39m: Connected to Postgresql database
2024-03-01T09:42:29: [32minfo[39m: Connected to Postgresql database
2024-03-01T09:42:29: [32minfo[39m: Connected to Postgresql database
2024-03-01T09:42:29: [32minfo[39m: Connected to Postgresql database
2024-03-01T09:42:29: [32minfo[39m: Server running on port 5000
2024-03-01T09:42:29: [32minfo[39m: Server running on port 5000
2024-03-01T09:42:29: [32minfo[39m: Server running on port 5000
2024-03-01T09:42:29: [32minfo[39m: Server running on port 5000
2024-03-01T09:42:31: [32minfo[39m: Connected to Postgresql database
2024-03-01T09:42:31: [32minfo[39m: Server running on port 5000
2024-03-01T09:42:31: [32minfo[39m: Connected to Postgresql database
2024-03-01T09:42:31: [32minfo[39m: Server running on port 5000
2024-03-01T09:42:31: [32minfo[39m: Connected to Postgresql database
2024-03-01T09:42:31: [32minfo[39m: Connected to Postgresql database
2024-03-01T09:42:31: [32minfo[39m: Server running on port 5000
2024-03-01T09:42:31: [32minfo[39m: Server running on port 5000
2024-03-01T09:42:31: [32minfo[39m: Connected to Postgresql database
2024-03-01T09:42:31: [32minfo[39m: Connected to Postgresql database
2024-03-01T09:42:31: [32minfo[39m: Connected to Postgresql database
2024-03-01T09:42:31: [32minfo[39m: Server running on port 5000
2024-03-01T09:42:31: [32minfo[39m: Server running on port 5000
2024-03-01T09:42:31: [32minfo[39m: Server running on port 5000
2024-03-01T09:42:31: [32minfo[39m: Connected to Postgresql database
2024-03-01T09:42:31: [32minfo[39m: Server running on port 5000
2024-03-01T09:42:33: [32minfo[39m: Connected to Postgresql database
2024-03-01T09:42:33: [32minfo[39m: Connected to Postgresql database
2024-03-01T09:42:33: [32minfo[39m: Server running on port 5000
2024-03-01T09:42:33: [32minfo[39m: Server running on port 5000
2024-03-01T09:42:33: [32minfo[39m: Connected to Postgresql database
2024-03-01T09:42:33: [32minfo[39m: Server running on port 5000
2024-03-01T09:42:33: [32minfo[39m: Connected to Postgresql database
2024-03-01T09:42:33: [32minfo[39m: Server running on port 5000
2024-03-01T09:42:35: [32minfo[39m: Connected to Postgresql database
2024-03-01T09:42:35: [32minfo[39m: Server running on port 5000
2024-03-01T09:42:35: [32minfo[39m: Connected to Postgresql database
2024-03-01T09:42:35: [32minfo[39m: Connected to Postgresql database
2024-03-01T09:42:35: [32minfo[39m: Server running on port 5000
2024-03-01T09:42:35: [32minfo[39m: Server running on port 5000
2024-03-01T09:42:35: [32minfo[39m: Connected to Postgresql database
2024-03-01T09:42:35: [32minfo[39m: Server running on port 5000
2024-03-01T09:42:35: [32minfo[39m: Connected to Postgresql database
2024-03-01T09:42:35: [32minfo[39m: Server running on port 5000
2024-03-01T09:42:35: [32minfo[39m: Connected to Postgresql database
2024-03-01T09:42:35: [32minfo[39m: Connected to Postgresql database
2024-03-01T09:42:35: [32minfo[39m: Server running on port 5000
2024-03-01T09:42:35: [32minfo[39m: Server running on port 5000
2024-03-01T09:42:37: [32minfo[39m: Connected to Postgresql database
2024-03-01T09:42:37: [32minfo[39m: Server running on port 5000
2024-03-01T09:42:37: [32minfo[39m: Connected to Postgresql database
2024-03-01T09:42:37: [32minfo[39m: Server running on port 5000
2024-03-01T09:42:38: [32minfo[39m: Connected to Postgresql database
2024-03-01T09:42:38: [32minfo[39m: Server running on port 5000
2024-03-01T09:42:40: [32minfo[39m: Connected to Postgresql database
2024-03-01T09:42:40: [32minfo[39m: Server running on port 5000
2024-03-01T09:42:40: [32minfo[39m: Connected to Postgresql database
2024-03-01T09:42:40: [32minfo[39m: Connected to Postgresql database
2024-03-01T09:42:40: [32minfo[39m: Server running on port 5000
2024-03-01T09:42:40: [32minfo[39m: Server running on port 5000
2024-03-01T09:42:40: [32minfo[39m: Connected to Postgresql database
2024-03-01T09:42:40: [32minfo[39m: Connected to Postgresql database
2024-03-01T09:42:40: [32minfo[39m: Connected to Postgresql database
2024-03-01T09:42:40: [32minfo[39m: Connected to Postgresql database
2024-03-01T09:42:40: [32minfo[39m: Connected to Postgresql database
2024-03-01T09:42:40: [32minfo[39m: Server running on port 5000
2024-03-01T09:42:40: [32minfo[39m: Connected to Postgresql database
2024-03-01T09:42:40: [32minfo[39m: Server running on port 5000
2024-03-01T09:42:40: [32minfo[39m: Server running on port 5000
2024-03-01T09:42:40: [32minfo[39m: Server running on port 5000
2024-03-01T09:42:40: [32minfo[39m: Server running on port 5000
2024-03-01T09:42:40: [32minfo[39m: Server running on port 5000
2024-03-01T09:42:41: [32minfo[39m: Connected to Postgresql database
2024-03-01T09:42:41: [32minfo[39m: Server running on port 5000
2024-03-01T09:42:41: [32minfo[39m: Connected to Postgresql database
2024-03-01T09:42:41: [32minfo[39m: Server running on port 5000
2024-03-01T09:42:41: [32minfo[39m: Connected to Postgresql database
2024-03-01T09:42:41: [32minfo[39m: Server running on port 5000
2024-03-01T09:42:41: [32minfo[39m: Connected to Postgresql database
2024-03-01T09:42:41: [32minfo[39m: Server running on port 5000
2024-03-01T09:42:41: [32minfo[39m: Connected to Postgresql database
2024-03-01T09:42:41: [32minfo[39m: Server running on port 5000
2024-03-01T09:42:41: [32minfo[39m: Connected to Postgresql database
2024-03-01T09:42:41: [32minfo[39m: Server running on port 5000
2024-03-01T09:42:42: [32minfo[39m: Connected to Postgresql database
2024-03-01T09:42:42: [32minfo[39m: Server running on port 5000
2024-03-01T09:42:42: [32minfo[39m: Connected to Postgresql database
2024-03-01T09:42:42: [32minfo[39m: Server running on port 5000
2024-03-01T09:42:42: [32minfo[39m: Connected to Postgresql database
2024-03-01T09:42:42: [32minfo[39m: Connected to Postgresql database
2024-03-01T09:42:42: [32minfo[39m: Server running on port 5000
2024-03-01T09:42:42: [32minfo[39m: Server running on port 5000
2024-03-01T09:42:43: [32minfo[39m: Connected to Postgresql database
2024-03-01T09:42:43: [32minfo[39m: Server running on port 5000
2024-03-01T09:42:43: [32minfo[39m: Connected to Postgresql database
2024-03-01T09:42:43: [32minfo[39m: Server running on port 5000
2024-03-01T09:42:43: [32minfo[39m: Connected to Postgresql database
2024-03-01T09:42:43: [32minfo[39m: Server running on port 5000
2024-03-01T09:42:44: [32minfo[39m: Connected to Postgresql database
2024-03-01T09:42:44: [32minfo[39m: Connected to Postgresql database
2024-03-01T09:42:44: [32minfo[39m: Connected to Postgresql database
2024-03-01T09:42:44: [32minfo[39m: Server running on port 5000
2024-03-01T09:42:44: [32minfo[39m: Server running on port 5000
2024-03-01T09:42:44: [32minfo[39m: Server running on port 5000
2024-03-01T09:42:44: [32minfo[39m: Connected to Postgresql database
2024-03-01T09:42:44: [32minfo[39m: Connected to Postgresql database
2024-03-01T09:42:44: [32minfo[39m: Server running on port 5000
2024-03-01T09:42:44: [32minfo[39m: Server running on port 5000
2024-03-01T09:42:45: [32minfo[39m: Connected to Postgresql database
2024-03-01T09:42:45: [32minfo[39m: Server running on port 5000
2024-03-01T09:42:45: [32minfo[39m: Connected to Postgresql database
2024-03-01T09:42:45: [32minfo[39m: Connected to Postgresql database
2024-03-01T09:42:45: [32minfo[39m: Server running on port 5000
2024-03-01T09:42:45: [32minfo[39m: Server running on port 5000
2024-03-01T09:42:45: [32minfo[39m: Connected to Postgresql database
2024-03-01T09:42:45: [32minfo[39m: Server running on port 5000
2024-03-01T09:42:45: [32minfo[39m: Connected to Postgresql database
2024-03-01T09:42:45: [32minfo[39m: Connected to Postgresql database
2024-03-01T09:42:45: [32minfo[39m: Server running on port 5000
2024-03-01T09:42:45: [32minfo[39m: Server running on port 5000
2024-03-01T09:42:45: [32minfo[39m: Connected to Postgresql database
2024-03-01T09:42:45: [32minfo[39m: Connected to Postgresql database
2024-03-01T09:42:45: [32minfo[39m: Connected to Postgresql database
2024-03-01T09:42:45: [32minfo[39m: Server running on port 5000
2024-03-01T09:42:45: [32minfo[39m: Server running on port 5000
2024-03-01T09:42:45: [32minfo[39m: Server running on port 5000
2024-03-01T09:42:45: [32minfo[39m: Connected to Postgresql database
2024-03-01T09:42:45: [32minfo[39m: Server running on port 5000
2024-03-01T09:42:47: [32minfo[39m: Connected to Postgresql database
2024-03-01T09:42:47: [32minfo[39m: Connected to Postgresql database
2024-03-01T09:42:47: [32minfo[39m: Server running on port 5000
2024-03-01T09:42:47: [32minfo[39m: Server running on port 5000
2024-03-01T09:42:47: [32minfo[39m: Connected to Postgresql database
2024-03-01T09:42:47: [32minfo[39m: Server running on port 5000
2024-03-01T09:42:47: [32minfo[39m: Connected to Postgresql database
2024-03-01T09:42:47: [32minfo[39m: Server running on port 5000
2024-03-01T09:42:47: [32minfo[39m: Connected to Postgresql database
2024-03-01T09:42:47: [32minfo[39m: Connected to Postgresql database
2024-03-01T09:42:47: [32minfo[39m: Server running on port 5000
2024-03-01T09:42:47: [32minfo[39m: Server running on port 5000
2024-03-01T09:42:47: [32minfo[39m: Connected to Postgresql database
2024-03-01T09:42:47: [32minfo[39m: Server running on port 5000
2024-03-01T09:42:47: [32minfo[39m: Connected to Postgresql database
2024-03-01T09:42:47: [32minfo[39m: Server running on port 5000
2024-03-01T09:42:48: [32minfo[39m: Connected to Postgresql database
2024-03-01T09:42:48: [32minfo[39m: Connected to Postgresql database
2024-03-01T09:42:48: [32minfo[39m: Server running on port 5000
2024-03-01T09:42:48: [32minfo[39m: Server running on port 5000
2024-03-01T09:42:48: [32minfo[39m: Connected to Postgresql database
2024-03-01T09:42:48: [32minfo[39m: Connected to Postgresql database
2024-03-01T09:42:48: [32minfo[39m: Server running on port 5000
2024-03-01T09:42:48: [32minfo[39m: Server running on port 5000
2024-03-01T09:42:49: [32minfo[39m: Connected to Postgresql database
2024-03-01T09:42:49: [32minfo[39m: Connected to Postgresql database
2024-03-01T09:42:49: [32minfo[39m: Server running on port 5000
2024-03-01T09:42:49: [32minfo[39m: Server running on port 5000
2024-03-01T09:42:49: [32minfo[39m: Connected to Postgresql database
2024-03-01T09:42:49: [32minfo[39m: Connected to Postgresql database
2024-03-01T09:42:49: [32minfo[39m: Connected to Postgresql database
2024-03-01T09:42:49: [32minfo[39m: Server running on port 5000
2024-03-01T09:42:49: [32minfo[39m: Server running on port 5000
2024-03-01T09:42:49: [32minfo[39m: Server running on port 5000
2024-03-01T09:42:50: [32minfo[39m: Connected to Postgresql database
2024-03-01T09:42:50: [32minfo[39m: Server running on port 5000
2024-03-01T09:42:50: [32minfo[39m: Connected to Postgresql database
2024-03-01T09:42:50: [32minfo[39m: Server running on port 5000
2024-03-01T09:42:50: [32minfo[39m: Connected to Postgresql database
2024-03-01T09:42:50: [32minfo[39m: Connected to Postgresql database
2024-03-01T09:42:50: [32minfo[39m: Connected to Postgresql database
2024-03-01T09:42:50: [32minfo[39m: Server running on port 5000
2024-03-01T09:42:50: [32minfo[39m: Server running on port 5000
2024-03-01T09:42:50: [32minfo[39m: Server running on port 5000
2024-03-01T09:42:50: [32minfo[39m: Connected to Postgresql database
2024-03-01T09:42:50: [32minfo[39m: Server running on port 5000
2024-03-01T09:42:51: [32minfo[39m: Connected to Postgresql database
2024-03-01T09:42:51: [32minfo[39m: Server running on port 5000
2024-03-01T09:42:51: [32minfo[39m: Connected to Postgresql database
2024-03-01T09:42:51: [32minfo[39m: Server running on port 5000
2024-03-01T09:42:51: [32minfo[39m: Connected to Postgresql database
2024-03-01T09:42:51: [32minfo[39m: Server running on port 5000
2024-03-01T09:42:53: [32minfo[39m: Connected to Postgresql database
2024-03-01T09:42:53: [32minfo[39m: Server running on port 5000
2024-03-01T09:42:54: [32minfo[39m: Connected to Postgresql database
2024-03-01T09:42:54: [32minfo[39m: Connected to Postgresql database
2024-03-01T09:42:54: [32minfo[39m: Server running on port 5000
2024-03-01T09:42:54: [32minfo[39m: Server running on port 5000
2024-03-01T09:42:56: [32minfo[39m: Connected to Postgresql database
2024-03-01T09:42:56: [32minfo[39m: Connected to Postgresql database
2024-03-01T09:42:56: [32minfo[39m: Connected to Postgresql database
2024-03-01T09:42:56: [32minfo[39m: Connected to Postgresql database
2024-03-01T09:42:56: [32minfo[39m: Connected to Postgresql database
2024-03-01T09:42:56: [32minfo[39m: Server running on port 5000
2024-03-01T09:42:56: [32minfo[39m: Server running on port 5000
2024-03-01T09:42:56: [32minfo[39m: Server running on port 5000
2024-03-01T09:42:56: [32minfo[39m: Server running on port 5000
2024-03-01T09:42:56: [32minfo[39m: Server running on port 5000
2024-03-01T09:42:56: [32minfo[39m: Connected to Postgresql database
2024-03-01T09:42:56: [32minfo[39m: Connected to Postgresql database
2024-03-01T09:42:56: [32minfo[39m: Connected to Postgresql database
2024-03-01T09:42:56: [32minfo[39m: Connected to Postgresql database
2024-03-01T09:42:56: [32minfo[39m: Server running on port 5000
2024-03-01T09:42:56: [32minfo[39m: Server running on port 5000
2024-03-01T09:42:56: [32minfo[39m: Server running on port 5000
2024-03-01T09:42:56: [32minfo[39m: Server running on port 5000
2024-03-01T09:42:56: [32minfo[39m: Connected to Postgresql database
2024-03-01T09:42:56: [32minfo[39m: Connected to Postgresql database
2024-03-01T09:42:56: [32minfo[39m: Server running on port 5000
2024-03-01T09:42:56: [32minfo[39m: Server running on port 5000
2024-03-01T09:42:57: [32minfo[39m: Connected to Postgresql database
2024-03-01T09:42:57: [32minfo[39m: Connected to Postgresql database
2024-03-01T09:42:57: [32minfo[39m: Server running on port 5000
2024-03-01T09:42:57: [32minfo[39m: Server running on port 5000
2024-03-01T09:42:57: [32minfo[39m: Connected to Postgresql database
2024-03-01T09:42:57: [32minfo[39m: Connected to Postgresql database
2024-03-01T09:42:57: [32minfo[39m: Server running on port 5000
2024-03-01T09:42:57: [32minfo[39m: Server running on port 5000
2024-03-01T09:42:57: [32minfo[39m: Connected to Postgresql database
2024-03-01T09:42:57: [32minfo[39m: Connected to Postgresql database
2024-03-01T09:42:57: [32minfo[39m: Server running on port 5000
2024-03-01T09:42:57: [32minfo[39m: Server running on port 5000
2024-03-01T09:42:57: [32minfo[39m: Connected to Postgresql database
2024-03-01T09:42:57: [32minfo[39m: Server running on port 5000
2024-03-01T09:42:58: [32minfo[39m: Connected to Postgresql database
2024-03-01T09:42:58: [32minfo[39m: Server running on port 5000
2024-03-01T09:42:58: [32minfo[39m: Connected to Postgresql database
2024-03-01T09:42:58: [32minfo[39m: Connected to Postgresql database
2024-03-01T09:42:58: [32minfo[39m: Server running on port 5000
2024-03-01T09:42:58: [32minfo[39m: Server running on port 5000
2024-03-01T09:42:59: [32minfo[39m: Connected to Postgresql database
2024-03-01T09:42:59: [32minfo[39m: Server running on port 5000
2024-03-01T09:42:59: [32minfo[39m: Connected to Postgresql database
2024-03-01T09:42:59: [32minfo[39m: Server running on port 5000
2024-03-01T09:42:59: [32minfo[39m: Connected to Postgresql database
2024-03-01T09:42:59: [32minfo[39m: Server running on port 5000
2024-03-01T09:43:00: [32minfo[39m: Connected to Postgresql database
2024-03-01T09:43:00: [32minfo[39m: Connected to Postgresql database
2024-03-01T09:43:00: [32minfo[39m: Connected to Postgresql database
2024-03-01T09:43:00: [32minfo[39m: Connected to Postgresql database
2024-03-01T09:43:00: [32minfo[39m: Connected to Postgresql database
2024-03-01T09:43:00: [32minfo[39m: Server running on port 5000
2024-03-01T09:43:00: [32minfo[39m: Server running on port 5000
2024-03-01T09:43:00: [32minfo[39m: Server running on port 5000
2024-03-01T09:43:00: [32minfo[39m: Server running on port 5000
2024-03-01T09:43:00: [32minfo[39m: Server running on port 5000
2024-03-01T09:43:01: [32minfo[39m: Connected to Postgresql database
2024-03-01T09:43:01: [32minfo[39m: Connected to Postgresql database
2024-03-01T09:43:01: [32minfo[39m: Connected to Postgresql database
2024-03-01T09:43:01: [32minfo[39m: Connected to Postgresql database
2024-03-01T09:43:01: [32minfo[39m: Connected to Postgresql database
2024-03-01T09:43:01: [32minfo[39m: Server running on port 5000
2024-03-01T09:43:01: [32minfo[39m: Server running on port 5000
2024-03-01T09:43:01: [32minfo[39m: Server running on port 5000
2024-03-01T09:43:01: [32minfo[39m: Server running on port 5000
2024-03-01T09:43:01: [32minfo[39m: Server running on port 5000
2024-03-01T09:43:02: [32minfo[39m: Connected to Postgresql database
2024-03-01T09:43:02: [32minfo[39m: Connected to Postgresql database
2024-03-01T09:43:02: [32minfo[39m: Connected to Postgresql database
2024-03-01T09:43:02: [32minfo[39m: Server running on port 5000
2024-03-01T09:43:02: [32minfo[39m: Server running on port 5000
2024-03-01T09:43:02: [32minfo[39m: Connected to Postgresql database
2024-03-01T09:43:02: [32minfo[39m: Server running on port 5000
2024-03-01T09:43:02: [32minfo[39m: Connected to Postgresql database
2024-03-01T09:43:02: [32minfo[39m: Server running on port 5000
2024-03-01T09:43:02: [32minfo[39m: Connected to Postgresql database
2024-03-01T09:43:02: [32minfo[39m: Server running on port 5000
2024-03-01T09:43:02: [32minfo[39m: Connected to Postgresql database
2024-03-01T09:43:02: [32minfo[39m: Server running on port 5000
2024-03-01T09:43:04: [32minfo[39m: Connected to Postgresql database
2024-03-01T09:43:04: [32minfo[39m: Connected to Postgresql database
2024-03-01T09:43:04: [32minfo[39m: Server running on port 5000
2024-03-01T09:43:04: [32minfo[39m: Server running on port 5000
2024-03-01T09:43:04: [32minfo[39m: Connected to Postgresql database
2024-03-01T09:43:04: [32minfo[39m: Server running on port 5000
2024-03-01T09:43:04: [32minfo[39m: Connected to Postgresql database
2024-03-01T09:43:04: [32minfo[39m: Connected to Postgresql database
2024-03-01T09:43:04: [32minfo[39m: Connected to Postgresql database
2024-03-01T09:43:04: [32minfo[39m: Connected to Postgresql database
2024-03-01T09:43:04: [32minfo[39m: Connected to Postgresql database
2024-03-01T09:43:04: [32minfo[39m: Connected to Postgresql database
2024-03-01T09:43:04: [32minfo[39m: Connected to Postgresql database
2024-03-01T09:43:04: [32minfo[39m: Connected to Postgresql database
2024-03-01T09:43:04: [32minfo[39m: Server running on port 5000
2024-03-01T09:43:04: [32minfo[39m: Server running on port 5000
2024-03-01T09:43:04: [32minfo[39m: Server running on port 5000
2024-03-01T09:43:04: [32minfo[39m: Server running on port 5000
2024-03-01T09:43:04: [32minfo[39m: Server running on port 5000
2024-03-01T09:43:04: [32minfo[39m: Server running on port 5000
2024-03-01T09:43:04: [32minfo[39m: Server running on port 5000
2024-03-01T09:43:04: [32minfo[39m: Server running on port 5000
2024-03-01T09:43:05: [32minfo[39m: Connected to email server
2024-03-01T09:43:05: [32minfo[39m: Connected to email server
2024-03-01T09:43:07: [32minfo[39m: Connected to Postgresql database
2024-03-01T09:43:07: [32minfo[39m: Server running on port 5000
2024-03-01T09:43:07: [32minfo[39m: Connected to Postgresql database
2024-03-01T09:43:07: [32minfo[39m: Server running on port 5000
2024-03-01T09:49:54: info: Connected to Postgresql database
2024-03-01T09:49:54: info: Server running on port 5000
2024-03-01T09:49:54: info: Connected to Postgresql database
2024-03-01T09:49:54: info: Connected to Postgresql database
2024-03-01T09:49:54: info: Connected to Postgresql database
2024-03-01T09:49:54: info: Connected to Postgresql database
2024-03-01T09:49:54: info: Connected to Postgresql database
2024-03-01T09:49:54: info: Connected to Postgresql database
2024-03-01T09:49:54: info: Connected to Postgresql database
2024-03-01T09:49:54: info: Server running on port 5000
2024-03-01T09:49:54: info: Server running on port 5000
2024-03-01T09:49:54: info: Server running on port 5000
2024-03-01T09:49:54: info: Server running on port 5000
2024-03-01T09:49:54: info: Server running on port 5000
2024-03-01T09:49:54: info: Server running on port 5000
2024-03-01T09:49:54: info: Server running on port 5000
2024-03-01T09:49:55: info: Connected to Postgresql database
2024-03-01T09:49:55: info: Server running on port 5000
2024-03-01T09:49:55: info: Connected to email server
2024-03-01T09:49:55: info: Connected to email server
2024-03-01T09:49:55: info: Connected to email server
2024-03-01T09:49:55: info: Connected to email server
2024-03-01T09:49:55: info: Connected to email server
2024-03-01T09:49:55: info: Connected to email server
2024-03-01T09:49:55: info: Connected to email server
2024-03-01T09:49:55: info: Connected to email server
2024-03-01T09:49:55: info: Connected to email server
2024-03-01T09:49:55: info: Connected to email server
2024-03-01T09:49:55: info: Connected to email server
2024-03-01T09:49:55: info: Connected to email server
2024-03-01T09:49:55: info: Connected to Postgresql database
2024-03-01T09:49:55: info: Connected to Postgresql database
2024-03-01T09:49:55: info: Connected to Postgresql database
2024-03-01T09:49:55: info: Server running on port 5000
2024-03-01T09:49:55: info: Server running on port 5000
2024-03-01T09:49:55: info: Server running on port 5000
2024-03-01T09:51:56: info: Connected to Postgresql database
2024-03-01T09:51:56: info: Connected to Postgresql database
2024-03-01T09:51:56: info: Server running on port 5000
2024-03-01T09:51:56: info: Server running on port 5000
2024-03-01T09:51:56: info: Connected to Postgresql database
2024-03-01T09:51:56: info: Server running on port 5000
2024-03-01T09:51:56: info: Connected to Postgresql database
2024-03-01T09:51:56: info: Server running on port 5000
2024-03-01T09:51:56: info: Connected to Postgresql database
2024-03-01T09:51:56: info: Server running on port 5000
2024-03-01T09:51:56: info: Connected to Postgresql database
2024-03-01T09:51:57: info: Server running on port 5000
2024-03-01T09:51:57: info: Connected to Postgresql database
2024-03-01T09:51:57: info: Connected to Postgresql database
2024-03-01T09:51:57: info: Server running on port 5000
2024-03-01T09:51:57: info: Server running on port 5000
2024-03-01T09:51:57: info: Connected to Postgresql database
2024-03-01T09:51:57: info: Connected to Postgresql database
2024-03-01T09:51:57: info: Connected to Postgresql database
2024-03-01T09:51:57: info: Server running on port 5000
2024-03-01T09:51:57: info: Server running on port 5000
2024-03-01T09:51:57: info: Server running on port 5000
2024-03-01T09:51:57: info: Connected to email server
2024-03-01T09:51:57: info: Connected to Postgresql database
2024-03-01T09:51:57: info: Server running on port 5000
2024-03-01T09:51:57: info: Connected to email server
2024-03-01T09:51:57: info: Connected to email server
2024-03-01T09:51:57: info: Connected to email server
2024-03-01T09:51:57: info: Connected to email server
2024-03-01T09:51:57: info: Connected to email server
2024-03-01T09:51:58: info: Connected to email server
2024-03-01T09:51:58: info: Connected to email server
2024-03-01T09:51:58: info: Connected to email server
2024-03-01T09:51:58: info: Connected to email server
2024-03-01T09:51:58: info: Connected to email server
2024-03-01T09:51:58: info: Connected to email server
